[0.318s] Invoking command in '/home/conner/codePractice/rosDummy/build/control_node': AMENT_PREFIX_PATH=/home/conner/codePractice/rosDummy/install/robot_types:${AMENT_PREFIX_PATH} CMAKE_PREFIX_PATH=/home/conner/codePractice/rosDummy/install/robot_types:/opt/ros/foxy LD_LIBRARY_PATH=/home/conner/codePractice/rosDummy/install/robot_types/lib:${LD_LIBRARY_PATH} PYTHONPATH=/home/conner/codePractice/rosDummy/install/robot_types/lib/python3.8/site-packages:${PYTHONPATH} /usr/bin/cmake --build /home/conner/codePractice/rosDummy/build/control_node -- -j8 -l8
[0.340s] -- Found ament_cmake: 0.9.11 (/opt/ros/foxy/share/ament_cmake/cmake)
[0.372s] -- Using PYTHON_EXECUTABLE: /usr/bin/python3
[0.595s] -- Found rclcpp: 2.4.2 (/opt/ros/foxy/share/rclcpp/cmake)
[0.800s] -- Using all available rosidl_typesupport_c: rosidl_typesupport_fastrtps_c;rosidl_typesupport_introspection_c
[0.804s] -- Found rosidl_adapter: 1.3.0 (/opt/ros/foxy/share/rosidl_adapter/cmake)
[3.527s] -- Using all available rosidl_typesupport_cpp: rosidl_typesupport_fastrtps_cpp;rosidl_typesupport_introspection_cpp
[3.608s] -- Found rmw_implementation_cmake: 1.0.3 (/opt/ros/foxy/share/rmw_implementation_cmake/cmake)
[3.609s] -- Using RMW implementation 'rmw_fastrtps_cpp' as default
[3.814s] -- Found geometry_msgs: 2.0.5 (/opt/ros/foxy/share/geometry_msgs/cmake)
[3.857s] -- Found robot_types: 0.0.0 (/home/conner/codePractice/rosDummy/install/robot_types/share/robot_types/cmake)
[3.971s] -- Found rclcpp_action: 2.4.2 (/opt/ros/foxy/share/rclcpp_action/cmake)
[4.000s] -- Found rclcpp_components: 2.4.2 (/opt/ros/foxy/share/rclcpp_components/cmake)
[4.149s] -- Configuring done
[4.169s] -- Generating done
[4.171s] -- Build files have been written to: /home/conner/codePractice/rosDummy/build/control_node
[4.228s] [ 25%] [32mBuilding CXX object CMakeFiles/action_client.dir/src/control_node.cpp.o[0m
[4.232s] [ 75%] Built target PID_action_client
[6.428s] [01m[K/home/conner/codePractice/rosDummy/src/control_node/src/control_node.cpp:[m[K In member function â€˜[01m[Kvoid Controller::PIDActionClient::result_callback(const WrappedResult&)[m[Kâ€™:
[6.428s] [01m[K/home/conner/codePractice/rosDummy/src/control_node/src/control_node.cpp:104:5:[m[K [01;31m[Kerror: [m[Kexpected â€˜[01m[K,[m[Kâ€™ or â€˜[01m[K;[m[Kâ€™ before â€˜[01m[Kstd[m[Kâ€™
[6.429s]   104 |     [01;31m[Kstd[m[K::cout << complete << std::endl;
[6.429s]       |     [01;31m[K^~~[m[K
[6.429s] [01m[K/home/conner/codePractice/rosDummy/src/control_node/src/control_node.cpp:103:10:[m[K [01;35m[Kwarning: [m[Kunused variable â€˜[01m[Kcomplete[m[Kâ€™ [[01;35m[K-Wunused-variable[m[K]
[6.429s]   103 |     bool [01;35m[Kcomplete[m[K = result.result->complete
[6.429s]       |          [01;35m[K^~~~~~~~[m[K
[6.432s] In file included from [01m[K/opt/ros/foxy/include/class_loader/class_loader.hpp:56[m[K,
[6.432s]                  from [01m[K/opt/ros/foxy/include/rclcpp_components/register_node_macro.hpp:18[m[K,
[6.432s]                  from [01m[K/home/conner/codePractice/rosDummy/src/control_node/src/control_node.cpp:12[m[K:
[6.432s] [01m[K/home/conner/codePractice/rosDummy/src/control_node/src/control_node.cpp:[m[K At global scope:
[6.432s] [01m[K/home/conner/codePractice/rosDummy/src/control_node/src/control_node.cpp:112:33:[m[K [01;31m[Kerror: [m[Kâ€˜[01m[Kaction_tutorials_cpp[m[Kâ€™ was not declared in this scope
[6.432s]   112 | RCLCPP_COMPONENTS_REGISTER_NODE([01;31m[Kaction_tutorials_cpp[m[K::PIDActionClient)
[6.432s]       |                                 [01;31m[K^~~~~~~~~~~~~~~~~~~~[m[K
[6.432s] [01m[K/home/conner/codePractice/rosDummy/src/control_node/src/control_node.cpp:112:1:[m[K [01;31m[Kerror: [m[Ktemplate argument 1 is invalid
[6.433s]   112 | [01;31m[KRCLCPP_COMPONENTS_REGISTER_NODE[m[K(action_tutorials_cpp::PIDActionClient)
[6.433s]       | [01;31m[K^~~~~~~~~~~~~~~~~~~~~~~~~~~~~~~[m[K
[7.896s] In file included from [01m[K/opt/ros/foxy/include/class_loader/class_loader_core.hpp:57[m[K,
[7.896s]                  from [01m[K/opt/ros/foxy/include/class_loader/class_loader.hpp:55[m[K,
[7.896s]                  from [01m[K/opt/ros/foxy/include/rclcpp_components/register_node_macro.hpp:18[m[K,
[7.897s]                  from [01m[K/home/conner/codePractice/rosDummy/src/control_node/src/control_node.cpp:12[m[K:
[7.897s] /opt/ros/foxy/include/class_loader/meta_object.hpp: In instantiation of â€˜[01m[KB* class_loader::impl::MetaObject<C, B>::create() const [with C = int; B = rclcpp_components::NodeFactory][m[Kâ€™:
[7.897s] [01m[K/opt/ros/foxy/include/class_loader/meta_object.hpp:216:7:[m[K   required from here
[7.897s] [01m[K/opt/ros/foxy/include/class_loader/meta_object.hpp:218:12:[m[K [01;31m[Kerror: [m[Kcannot convert â€˜[01m[Kint*[m[Kâ€™ to â€˜[01m[Krclcpp_components::NodeFactory*[m[Kâ€™ in return
[7.897s]   218 |     return [01;31m[Knew C[m[K;
[7.897s]       |            [01;31m[K^~~~~[m[K
[7.898s]       |            [01;31m[K|[m[K
[7.898s]       |            [01;31m[Kint*[m[K
[8.622s] make[2]: *** [CMakeFiles/action_client.dir/build.make:63: CMakeFiles/action_client.dir/src/control_node.cpp.o] Error 1
[8.623s] make[1]: *** [CMakeFiles/Makefile2:107: CMakeFiles/action_client.dir/all] Error 2
[8.624s] make: *** [Makefile:141: all] Error 2
[8.638s] Invoked command in '/home/conner/codePractice/rosDummy/build/control_node' returned '2': AMENT_PREFIX_PATH=/home/conner/codePractice/rosDummy/install/robot_types:${AMENT_PREFIX_PATH} CMAKE_PREFIX_PATH=/home/conner/codePractice/rosDummy/install/robot_types:/opt/ros/foxy LD_LIBRARY_PATH=/home/conner/codePractice/rosDummy/install/robot_types/lib:${LD_LIBRARY_PATH} PYTHONPATH=/home/conner/codePractice/rosDummy/install/robot_types/lib/python3.8/site-packages:${PYTHONPATH} /usr/bin/cmake --build /home/conner/codePractice/rosDummy/build/control_node -- -j8 -l8
