-- Found ament_cmake: 0.9.11 (/opt/ros/foxy/share/ament_cmake/cmake)
-- Using PYTHON_EXECUTABLE: /usr/bin/python3
-- Found rclcpp: 2.4.2 (/opt/ros/foxy/share/rclcpp/cmake)
-- Using all available rosidl_typesupport_c: rosidl_typesupport_fastrtps_c;rosidl_typesupport_introspection_c
-- Found rosidl_adapter: 1.3.0 (/opt/ros/foxy/share/rosidl_adapter/cmake)
-- Using all available rosidl_typesupport_cpp: rosidl_typesupport_fastrtps_cpp;rosidl_typesupport_introspection_cpp
-- Found rmw_implementation_cmake: 1.0.3 (/opt/ros/foxy/share/rmw_implementation_cmake/cmake)
-- Using RMW implementation 'rmw_fastrtps_cpp' as default
-- Found geometry_msgs: 2.0.5 (/opt/ros/foxy/share/geometry_msgs/cmake)
-- Found robot_types: 0.0.0 (/home/conner/codePractice/rosDummy/install/robot_types/share/robot_types/cmake)
-- Found rclcpp_action: 2.4.2 (/opt/ros/foxy/share/rclcpp_action/cmake)
-- Found rclcpp_components: 2.4.2 (/opt/ros/foxy/share/rclcpp_components/cmake)
-- Configuring done
-- Generating done
-- Build files have been written to: /home/conner/codePractice/rosDummy/build/control_node
[35m[1mScanning dependencies of target action_client[0m
[ 50%] Built target PID_action_client
[ 75%] [32mBuilding CXX object CMakeFiles/action_client.dir/src/control_node.cpp.o[0m
[01m[K/home/conner/codePractice/rosDummy/src/control_node/src/control_node.cpp:[m[K In member function â€˜[01m[Kvoid Controller::PIDActionClient::feedback_callback(rclcpp_action::ClientGoalHandle<robot_types::action::PID>::SharedPtr, std::shared_ptr<const robot_types::action::PID_Feedback_<std::allocator<void> > >)[m[Kâ€™:
[01m[K/home/conner/codePractice/rosDummy/src/control_node/src/control_node.cpp:80:36:[m[K [01;31m[Kerror: [m[Kâ€˜[01m[Kusing element_type = const struct robot_types::action::PID_Feedback_<std::allocator<void> >[m[Kâ€™ {aka â€˜[01m[Kconst struct robot_types::action::PID_Feedback_<std::allocator<void> >[m[Kâ€™} has no member named â€˜[01m[Kcurrent_state[m[Kâ€™
   80 |     for (float element : feedback->[01;31m[Kcurrent_state[m[K) {
      |                                    [01;31m[K^~~~~~~~~~~~~[m[K
[01m[K/home/conner/codePractice/rosDummy/src/control_node/src/control_node.cpp:[m[K In member function â€˜[01m[Kvoid Controller::PIDActionClient::result_callback(const WrappedResult&)[m[Kâ€™:
[01m[K/home/conner/codePractice/rosDummy/src/control_node/src/control_node.cpp:103:36:[m[K [01;31m[Kerror: [m[Kâ€˜[01m[Kusing element_type = struct robot_types::action::PID_Result_<std::allocator<void> >[m[Kâ€™ {aka â€˜[01m[Kstruct robot_types::action::PID_Result_<std::allocator<void> >[m[Kâ€™} has no member named â€˜[01m[Kcomplete[m[Kâ€™
  103 |     bool complete = result.result->[01;31m[Kcomplete[m[K;
      |                                    [01;31m[K^~~~~~~~[m[K
make[2]: *** [CMakeFiles/action_client.dir/build.make:63: CMakeFiles/action_client.dir/src/control_node.cpp.o] Error 1
make[1]: *** [CMakeFiles/Makefile2:107: CMakeFiles/action_client.dir/all] Error 2
make: *** [Makefile:141: all] Error 2
