[0.521s] Invoking command in '/home/conner/codePractice/rosDummy/build/control_node': CMAKE_PREFIX_PATH=/home/conner/codePractice/rosDummy/install/robot_types:/home/conner/codePractice/rosDummy/install/mediator_node:/home/conner/codePractice/rosDummy/install/control_node:/home/conner/codePractice/rosDummy/install/brain_node:/opt/ros/foxy LD_LIBRARY_PATH=/home/conner/codePractice/rosDummy/install/robot_types/lib:/home/conner/codePractice/rosDummy/install/mediator_node/lib:/home/conner/codePractice/rosDummy/install/control_node/lib:/opt/ros/foxy/opt/yaml_cpp_vendor/lib:/opt/ros/foxy/opt/rviz_ogre_vendor/lib:/opt/ros/foxy/lib/x86_64-linux-gnu:/opt/ros/foxy/lib /usr/bin/cmake --build /home/conner/codePractice/rosDummy/build/control_node -- -j8 -l8
[0.599s] -- Found ament_cmake: 0.9.11 (/opt/ros/foxy/share/ament_cmake/cmake)
[0.643s] -- Using PYTHON_EXECUTABLE: /usr/bin/python3
[1.040s] -- Found rclcpp: 2.4.2 (/opt/ros/foxy/share/rclcpp/cmake)
[1.427s] -- Using all available rosidl_typesupport_c: rosidl_typesupport_fastrtps_c;rosidl_typesupport_introspection_c
[1.433s] -- Found rosidl_adapter: 1.3.0 (/opt/ros/foxy/share/rosidl_adapter/cmake)
[7.924s] -- Using all available rosidl_typesupport_cpp: rosidl_typesupport_fastrtps_cpp;rosidl_typesupport_introspection_cpp
[8.096s] -- Found rmw_implementation_cmake: 1.0.3 (/opt/ros/foxy/share/rmw_implementation_cmake/cmake)
[8.104s] -- Using RMW implementation 'rmw_fastrtps_cpp' as default
[8.549s] -- Found geometry_msgs: 2.0.5 (/opt/ros/foxy/share/geometry_msgs/cmake)
[8.627s] -- Found robot_types: 0.0.0 (/home/conner/codePractice/rosDummy/install/robot_types/share/robot_types/cmake)
[8.867s] -- Found rclcpp_action: 2.4.2 (/opt/ros/foxy/share/rclcpp_action/cmake)
[8.969s] -- Found rclcpp_components: 2.4.2 (/opt/ros/foxy/share/rclcpp_components/cmake)
[9.233s] -- Configuring done
[9.294s] -- Generating done
[9.299s] -- Build files have been written to: /home/conner/codePractice/rosDummy/build/control_node
[9.367s] [35m[1mScanning dependencies of target action_client[0m
[9.406s] [ 50%] Built target PID_action_client
[9.515s] [ 75%] [32mBuilding CXX object CMakeFiles/action_client.dir/src/control_node.cpp.o[0m
[13.225s] [01m[K/home/conner/codePractice/rosDummy/src/control_node/src/control_node.cpp:[m[K In member function â€˜[01m[Kvoid Controller::PIDActionClient::feedback_callback(rclcpp_action::ClientGoalHandle<robot_types::action::PID>::SharedPtr, std::shared_ptr<const robot_types::action::PID_Feedback_<std::allocator<void> > >)[m[Kâ€™:
[13.226s] [01m[K/home/conner/codePractice/rosDummy/src/control_node/src/control_node.cpp:80:36:[m[K [01;31m[Kerror: [m[Kâ€˜[01m[Kusing element_type = const struct robot_types::action::PID_Feedback_<std::allocator<void> >[m[Kâ€™ {aka â€˜[01m[Kconst struct robot_types::action::PID_Feedback_<std::allocator<void> >[m[Kâ€™} has no member named â€˜[01m[Kcurrent_state[m[Kâ€™
[13.226s]    80 |     for (float element : feedback->[01;31m[Kcurrent_state[m[K) {
[13.227s]       |                                    [01;31m[K^~~~~~~~~~~~~[m[K
[13.255s] [01m[K/home/conner/codePractice/rosDummy/src/control_node/src/control_node.cpp:[m[K In member function â€˜[01m[Kvoid Controller::PIDActionClient::result_callback(const WrappedResult&)[m[Kâ€™:
[13.255s] [01m[K/home/conner/codePractice/rosDummy/src/control_node/src/control_node.cpp:103:36:[m[K [01;31m[Kerror: [m[Kâ€˜[01m[Kusing element_type = struct robot_types::action::PID_Result_<std::allocator<void> >[m[Kâ€™ {aka â€˜[01m[Kstruct robot_types::action::PID_Result_<std::allocator<void> >[m[Kâ€™} has no member named â€˜[01m[Kcomplete[m[Kâ€™
[13.255s]   103 |     bool complete = result.result->[01;31m[Kcomplete[m[K;
[13.256s]       |                                    [01;31m[K^~~~~~~~[m[K
[15.462s] make[2]: *** [CMakeFiles/action_client.dir/build.make:63: CMakeFiles/action_client.dir/src/control_node.cpp.o] Error 1
[15.463s] make[1]: *** [CMakeFiles/Makefile2:107: CMakeFiles/action_client.dir/all] Error 2
[15.464s] make: *** [Makefile:141: all] Error 2
[15.474s] Invoked command in '/home/conner/codePractice/rosDummy/build/control_node' returned '2': CMAKE_PREFIX_PATH=/home/conner/codePractice/rosDummy/install/robot_types:/home/conner/codePractice/rosDummy/install/mediator_node:/home/conner/codePractice/rosDummy/install/control_node:/home/conner/codePractice/rosDummy/install/brain_node:/opt/ros/foxy LD_LIBRARY_PATH=/home/conner/codePractice/rosDummy/install/robot_types/lib:/home/conner/codePractice/rosDummy/install/mediator_node/lib:/home/conner/codePractice/rosDummy/install/control_node/lib:/opt/ros/foxy/opt/yaml_cpp_vendor/lib:/opt/ros/foxy/opt/rviz_ogre_vendor/lib:/opt/ros/foxy/lib/x86_64-linux-gnu:/opt/ros/foxy/lib /usr/bin/cmake --build /home/conner/codePractice/rosDummy/build/control_node -- -j8 -l8
